<?xml version='1.0' encoding='utf-8'?>
<testsuites name="cocotb tests"><testsuite name="capture_cases" errors="0" failures="1" skipped="1" tests="3" time="0.000" timestamp="2000-01-01T00:00:00.000000+00:00" hostname="cocotb-results"><testcase classname="capture_cases" name="test_reset" time="0.000"><properties><property name="cocotb" value="True" /><property name="random_seed" value="1" /><property name="file" value="capture_cases.py" /><property name="line" value="7" /><property name="sim_time_unit" value="ns" /><property name="sim_time_start" value="0.0" /><property name="sim_time_stop" value="30.0" /><property name="sim_time_duration" value="30.0" /><property name="sim_time_ratio" value="0.0" /></properties></testcase><testcase classname="capture_cases" name="test_fail" time="0.000"><failure message="deliberate failure: compatibility sample&#10;assert 1 == 0" type="AssertionError">Traceback (most recent call last):
  File "capture_cases.py", line 17, in test_fail
    assert observed == 0, "deliberate failure: compatibility sample"
AssertionError: deliberate failure: compatibility sample
assert 1 == 0
</failure><properties><property name="cocotb" value="True" /><property name="random_seed" value="1" /><property name="file" value="capture_cases.py" /><property name="line" value="13" /><property name="sim_time_unit" value="ns" /><property name="sim_time_start" value="30.001" /><property name="sim_time_stop" value="60.001" /><property name="sim_time_duration" value="29.999999999999996" /><property name="sim_time_ratio" value="0.0" /></properties><system-err>Test failed with COCOTB_RANDOM_SEED=1
</system-err></testcase><testcase classname="capture_cases" name="test_skipped" time="0.000"><skipped message="Test was skipped" /><properties><property name="cocotb" value="True" /><property name="file" value="capture_cases.py" /><property name="line" value="20" /></properties></testcase></testsuite></testsuites>